================ HOST ================
dgx01

================ GPU ================
Fri Jul 24 16:12:50 2026       
+-----------------------------------------------------------------------------+
| NVIDIA-SMI 470.141.03   Driver Version: 470.141.03   CUDA Version: 11.4     |
|-------------------------------+----------------------+----------------------+
| GPU  Name        Persistence-M| Bus-Id        Disp.A | Volatile Uncorr. ECC |
| Fan  Temp  Perf  Pwr:Usage/Cap|         Memory-Usage | GPU-Util  Compute M. |
|                               |                      |               MIG M. |
|===============================+======================+======================|
|   0  NVIDIA A100-SXM...  On   | 00000000:90:00.0 Off |                    0 |
| N/A   38C    P0    67W / 400W |      3MiB / 81251MiB |      0%      Default |
|                               |                      |             Disabled |
+-------------------------------+----------------------+----------------------+
|   1  NVIDIA A100-SXM...  On   | 00000000:B7:00.0 Off |                    0 |
| N/A   33C    P0    63W / 400W |      3MiB / 81251MiB |      0%      Default |
|                               |                      |             Disabled |
+-------------------------------+----------------------+----------------------+
                                                                               
+-----------------------------------------------------------------------------+
| Processes:                                                                  |
|  GPU   GI   CI        PID   Type   Process name                  GPU Memory |
|        ID   ID                                                   Usage      |
|=============================================================================|
|  No running processes found                                                 |
+-----------------------------------------------------------------------------+

================ CUDA_VISIBLE_DEVICES ================
0,1

================ NVCC ================

================ NVIDIA DRIVER ================
NVRM version: NVIDIA UNIX x86_64 Kernel Module  470.141.03  Thu Jun 30 18:45:31 UTC 2022
GCC version:  

================ PYTHON ================
/home/user03/miniconda3/envs/o3/bin/python
Python 3.10.20

================ TORCH ================
torch.__version__      = 2.2.1+cu121
torch.version.cuda     = 12.1
torch.cuda.is_available= False
torch.cuda.device_count= 2

================ TORCH BUILD ================
Name: torch
Version: 2.2.1
Summary: Tensors and Dynamic neural networks in Python with strong GPU acceleration
Home-page: https://pytorch.org/
Author: PyTorch Team
Author-email: packages@pytorch.org
License: BSD-3
Location: /home/user03/miniconda3/envs/o3/lib/python3.10/site-packages
Requires: filelock, fsspec, jinja2, networkx, nvidia-cublas-cu12, nvidia-cuda-cupti-cu12, nvidia-cuda-nvrtc-cu12, nvidia-cuda-runtime-cu12, nvidia-cudnn-cu12, nvidia-cufft-cu12, nvidia-curand-cu12, nvidia-cusolver-cu12, nvidia-cusparse-cu12, nvidia-nccl-cu12, nvidia-nvtx-cu12, sympy, triton, typing-extensions
Required-by: accelerate, calflops, deepspeed, peft, torchaudio, torchnet, torchvision

================ DEEPSPEED ================
[2026-07-24 16:12:56,641] [INFO] [real_accelerator.py:191:get_accelerator] Setting ds_accelerator to cuda (auto detect)
deepspeed version: 0.14.0

================ NCCL ================
nccl available: True

================ CUDA TEST ================
The NVIDIA driver on your system is too old (found version 11040). Please update your GPU driver by downloading and installing a new version from the URL: http://www.nvidia.com/Download/index.aspx Alternatively, go to: https://pytorch.org to install a PyTorch version that has been compiled with your version of the CUDA driver.

================ ENV ================
LIBRARY_PATH_modshare=/cm/shared/apps/slurm/current/lib64:1:/cm/shared/apps/slurm/current/lib64/slurm:1
CPATH_modshare=/cm/shared/apps/slurm/current/include:1
MANPATH_modshare=/usr/local/share/man:1:/usr/mpi/gcc/openmpi-4.1.7a1/share/man:1:/cm/local/apps/environment-modules/current/share/man:1:/cm/local/apps/environment-modules/4.5.3/share/man:1:/usr/local/man:1:/usr/share/man:1:/cm/shared/apps/slurm/current/man:1
MANPATH=/cm/shared/apps/slurm/current/man:/usr/mpi/gcc/openmpi-4.1.7a1/share/man:/cm/local/apps/environment-modules/4.5.3/share/man:/usr/local/man:/usr/local/share/man:/usr/share/man:/cm/local/apps/environment-modules/current/share/man
LD_LIBRARY_PATH_modshare=/cm/shared/apps/slurm/current/lib64:1:/cm/shared/apps/slurm/current/lib64/slurm:1:/usr/mpi/gcc/openmpi-4.1.7a1/lib:1
LD_RUN_PATH_modshare=/usr/mpi/gcc/openmpi-4.1.7a1/lib:1
PATH_modshare=/usr/mpi/gcc/openmpi-4.1.7a1/bin:1:/usr/bin:1:/usr/local/bin:1:/cm/shared/apps/slurm/current/bin:1:/cm/shared/apps/slurm/current/sbin:1:/bin:1:/snap/bin:1:/sbin:1:/usr/sbin:1:/usr/games:1:/cm/local/apps/environment-modules/4.5.3/bin:1:/usr/local/sbin:1:/usr/local/games:1
CUDA_VISIBLE_DEVICES=0,1
LIBRARY_PATH=/cm/shared/apps/slurm/current/lib64/slurm:/cm/shared/apps/slurm/current/lib64
LD_RUN_PATH=/usr/mpi/gcc/openmpi-4.1.7a1/lib
LD_LIBRARY_PATH=/cm/shared/apps/slurm/current/lib64/slurm:/cm/shared/apps/slurm/current/lib64:/usr/mpi/gcc/openmpi-4.1.7a1/lib
PATH=/home/user03/.local/bin:/home/user03/.cargo/bin:/home/user03/miniconda3/envs/o3/bin:/home/user03/miniconda3/condabin:/cm/shared/apps/slurm/current/sbin:/cm/shared/apps/slurm/current/bin:/usr/mpi/gcc/openmpi-4.1.7a1/bin:/usr/local/sbin:/usr/local/bin:/usr/sbin:/usr/bin:/sbin:/bin:/usr/games:/usr/local/games:/snap/bin:/sbin:/usr/sbin:/cm/local/apps/environment-modules/4.5.3/bin
MODULEPATH=/cm/local/modulefiles:/cm/shared/modulefiles
CPATH=/cm/shared/apps/slurm/current/include
