[2026-07-24 15:19:03,844] torch.distributed.run: [WARNING] 
[2026-07-24 15:19:03,844] torch.distributed.run: [WARNING] *****************************************
[2026-07-24 15:19:03,844] torch.distributed.run: [WARNING] Setting OMP_NUM_THREADS environment variable for each process to be 1 in default, to avoid your system being overloaded, please further tune the variable for optimal performance in your application as needed. 
[2026-07-24 15:19:03,844] torch.distributed.run: [WARNING] *****************************************
/home/user03/miniconda3/envs/o3/lib/python3.10/site-packages/torch/cuda/__init__.py:141: UserWarning: CUDA initialization: The NVIDIA driver on your system is too old (found version 11040). Please update your GPU driver by downloading and installing a new version from the URL: http://www.nvidia.com/Download/index.aspx Alternatively, go to: https://pytorch.org to install a PyTorch version that has been compiled with your version of the CUDA driver. (Triggered internally at ../c10/cuda/CUDAFunctions.cpp:108.)
  return torch._C._cuda_getDeviceCount() > 0
/home/user03/miniconda3/envs/o3/lib/python3.10/site-packages/torch/cuda/__init__.py:141: UserWarning: CUDA initialization: The NVIDIA driver on your system is too old (found version 11040). Please update your GPU driver by downloading and installing a new version from the URL: http://www.nvidia.com/Download/index.aspx Alternatively, go to: https://pytorch.org to install a PyTorch version that has been compiled with your version of the CUDA driver. (Triggered internally at ../c10/cuda/CUDAFunctions.cpp:108.)
  return torch._C._cuda_getDeviceCount() > 0
Traceback (most recent call last):
  File "/home/user03/tuyen/O3/ScienceQA_expriment/train_basemodel.py", line 233, in <module>
Traceback (most recent call last):
  File "/home/user03/tuyen/O3/ScienceQA_expriment/train_basemodel.py", line 233, in <module>
    train()
  File "/home/user03/tuyen/O3/ScienceQA_expriment/train_basemodel.py", line 192, in train
    train()
  File "/home/user03/tuyen/O3/ScienceQA_expriment/train_basemodel.py", line 192, in train
    model_args, data_args, training_args = parser.parse_args_into_dataclasses()
  File "/home/user03/miniconda3/envs/o3/lib/python3.10/site-packages/transformers/hf_argparser.py", line 338, in parse_args_into_dataclasses
    model_args, data_args, training_args = parser.parse_args_into_dataclasses()
  File "/home/user03/miniconda3/envs/o3/lib/python3.10/site-packages/transformers/hf_argparser.py", line 338, in parse_args_into_dataclasses
    obj = dtype(**inputs)
      File "<string>", line 114, in __init__
obj = dtype(**inputs)
  File "<string>", line 114, in __init__
  File "/home/user03/miniconda3/envs/o3/lib/python3.10/site-packages/transformers/training_args.py", line 1372, in __post_init__
  File "/home/user03/miniconda3/envs/o3/lib/python3.10/site-packages/transformers/training_args.py", line 1372, in __post_init__
        and (self.device.type != "cuda")and (self.device.type != "cuda")

  File "/home/user03/miniconda3/envs/o3/lib/python3.10/site-packages/transformers/training_args.py", line 1795, in device
  File "/home/user03/miniconda3/envs/o3/lib/python3.10/site-packages/transformers/training_args.py", line 1795, in device
    return self._setup_devices
  File "/home/user03/miniconda3/envs/o3/lib/python3.10/site-packages/transformers/utils/generic.py", line 54, in __get__
    return self._setup_devices
  File "/home/user03/miniconda3/envs/o3/lib/python3.10/site-packages/transformers/utils/generic.py", line 54, in __get__
        cached = self.fget(obj)cached = self.fget(obj)

  File "/home/user03/miniconda3/envs/o3/lib/python3.10/site-packages/transformers/training_args.py", line 1735, in _setup_devices
  File "/home/user03/miniconda3/envs/o3/lib/python3.10/site-packages/transformers/training_args.py", line 1735, in _setup_devices
    self.distributed_state = PartialState(timeout=timedelta(seconds=self.ddp_timeout))
  File "/home/user03/miniconda3/envs/o3/lib/python3.10/site-packages/accelerate/state.py", line 194, in __init__
    self.distributed_state = PartialState(timeout=timedelta(seconds=self.ddp_timeout))
  File "/home/user03/miniconda3/envs/o3/lib/python3.10/site-packages/accelerate/state.py", line 194, in __init__
    dist.init_distributed(dist_backend=self.backend, auto_mpi_discovery=False, **kwargs)
  File "/home/user03/miniconda3/envs/o3/lib/python3.10/site-packages/deepspeed/comm/comm.py", line 670, in init_distributed
    dist.init_distributed(dist_backend=self.backend, auto_mpi_discovery=False, **kwargs)
  File "/home/user03/miniconda3/envs/o3/lib/python3.10/site-packages/deepspeed/comm/comm.py", line 670, in init_distributed
        cdb = TorchBackend(dist_backend, timeout, init_method, rank, world_size)cdb = TorchBackend(dist_backend, timeout, init_method, rank, world_size)

  File "/home/user03/miniconda3/envs/o3/lib/python3.10/site-packages/deepspeed/comm/torch.py", line 121, in __init__
  File "/home/user03/miniconda3/envs/o3/lib/python3.10/site-packages/deepspeed/comm/torch.py", line 121, in __init__
        self.init_process_group(backend, timeout, init_method, rank, world_size)self.init_process_group(backend, timeout, init_method, rank, world_size)

  File "/home/user03/miniconda3/envs/o3/lib/python3.10/site-packages/deepspeed/comm/torch.py", line 149, in init_process_group
  File "/home/user03/miniconda3/envs/o3/lib/python3.10/site-packages/deepspeed/comm/torch.py", line 149, in init_process_group
    torch.distributed.init_process_group(backend,
  File "/home/user03/miniconda3/envs/o3/lib/python3.10/site-packages/torch/distributed/c10d_logger.py", line 86, in wrapper
    torch.distributed.init_process_group(backend,
  File "/home/user03/miniconda3/envs/o3/lib/python3.10/site-packages/torch/distributed/c10d_logger.py", line 86, in wrapper
    func_return = func(*args, **kwargs)
      File "/home/user03/miniconda3/envs/o3/lib/python3.10/site-packages/torch/distributed/distributed_c10d.py", line 1184, in init_process_group
func_return = func(*args, **kwargs)
  File "/home/user03/miniconda3/envs/o3/lib/python3.10/site-packages/torch/distributed/distributed_c10d.py", line 1184, in init_process_group
    default_pg, _ = _new_process_group_helper(
  File "/home/user03/miniconda3/envs/o3/lib/python3.10/site-packages/torch/distributed/distributed_c10d.py", line 1339, in _new_process_group_helper
    default_pg, _ = _new_process_group_helper(
  File "/home/user03/miniconda3/envs/o3/lib/python3.10/site-packages/torch/distributed/distributed_c10d.py", line 1339, in _new_process_group_helper
    backend_class = ProcessGroupNCCL(
ValueError: ProcessGroupNCCL is only supported with GPUs, no GPUs found!
    backend_class = ProcessGroupNCCL(
ValueError: ProcessGroupNCCL is only supported with GPUs, no GPUs found!
[2026-07-24 15:19:13,861] torch.distributed.elastic.multiprocessing.api: [ERROR] failed (exitcode: 1) local_rank: 0 (pid: 1983318) of binary: /home/user03/miniconda3/envs/o3/bin/python3.10
Traceback (most recent call last):
  File "/home/user03/miniconda3/envs/o3/bin/torchrun", line 6, in <module>
    sys.exit(main())
  File "/home/user03/miniconda3/envs/o3/lib/python3.10/site-packages/torch/distributed/elastic/multiprocessing/errors/__init__.py", line 347, in wrapper
    return f(*args, **kwargs)
  File "/home/user03/miniconda3/envs/o3/lib/python3.10/site-packages/torch/distributed/run.py", line 812, in main
    run(args)
  File "/home/user03/miniconda3/envs/o3/lib/python3.10/site-packages/torch/distributed/run.py", line 803, in run
    elastic_launch(
  File "/home/user03/miniconda3/envs/o3/lib/python3.10/site-packages/torch/distributed/launcher/api.py", line 135, in __call__
    return launch_agent(self._config, self._entrypoint, list(args))
  File "/home/user03/miniconda3/envs/o3/lib/python3.10/site-packages/torch/distributed/launcher/api.py", line 268, in launch_agent
    raise ChildFailedError(
torch.distributed.elastic.multiprocessing.errors.ChildFailedError: 
============================================================
train_basemodel.py FAILED
------------------------------------------------------------
Failures:
[1]:
  time      : 2026-07-24_15:19:13
  host      : dgx01.cm.cluster
  rank      : 1 (local_rank: 1)
  exitcode  : 1 (pid: 1983319)
  error_file: <N/A>
  traceback : To enable traceback see: https://pytorch.org/docs/stable/elastic/errors.html
------------------------------------------------------------
Root Cause (first observed failure):
[0]:
  time      : 2026-07-24_15:19:13
  host      : dgx01.cm.cluster
  rank      : 0 (local_rank: 0)
  exitcode  : 1 (pid: 1983318)
  error_file: <N/A>
  traceback : To enable traceback see: https://pytorch.org/docs/stable/elastic/errors.html
============================================================
